<?xml version="1.0" encoding="UTF-8"?>
<coverage generated="1774459859509" clover="3.2.0">
  <project timestamp="1774459859509" name="All files">
    <metrics statements="22" coveredstatements="20" conditionals="6" coveredconditionals="5" methods="9" coveredmethods="7" elements="37" coveredelements="32" complexity="0" loc="22" ncloc="22" packages="1" files="3" classes="3"/>
    <file name="Note.jsx" path="/Users/damiancoz/Documents/webdev/fullstack-open/part-5/notes/part2-notes-frontend/src/components/Note.jsx">
      <metrics statements="3" coveredstatements="3" conditionals="2" coveredconditionals="1" methods="1" coveredmethods="1"/>
      <line num="1" count="1" type="stmt"/>
      <line num="2" count="5" type="cond" truecount="1" falsecount="1"/>
      <line num="4" count="5" type="stmt"/>
    </file>
    <file name="NoteForm.jsx" path="/Users/damiancoz/Documents/webdev/fullstack-open/part-5/notes/part2-notes-frontend/src/components/NoteForm.jsx">
      <metrics statements="9" coveredstatements="8" conditionals="0" coveredconditionals="0" methods="4" coveredmethods="3"/>
      <line num="2" count="1" type="stmt"/>
      <line num="3" count="19" type="stmt"/>
      <line num="5" count="19" type="stmt"/>
      <line num="6" count="1" type="stmt"/>
      <line num="7" count="1" type="stmt"/>
      <line num="13" count="1" type="stmt"/>
      <line num="16" count="19" type="stmt"/>
      <line num="23" count="17" type="stmt"/>
      <line num="29" count="0" type="stmt"/>
    </file>
    <file name="Toggleable.jsx" path="/Users/damiancoz/Documents/webdev/fullstack-open/part-5/notes/part2-notes-frontend/src/components/Toggleable.jsx">
      <metrics statements="10" coveredstatements="9" conditionals="4" coveredconditionals="4" methods="4" coveredmethods="3"/>
      <line num="3" count="1" type="stmt"/>
      <line num="4" count="8" type="stmt"/>
      <line num="6" count="8" type="cond" truecount="2" falsecount="0"/>
      <line num="7" count="8" type="cond" truecount="2" falsecount="0"/>
      <line num="9" count="8" type="stmt"/>
      <line num="10" count="3" type="stmt"/>
      <line num="11" count="3" type="stmt"/>
      <line num="14" count="8" type="stmt"/>
      <line num="15" count="0" type="stmt"/>
      <line num="18" count="8" type="stmt"/>
    </file>
  </project>
</coverage>
