{"/Users/damiancoz/Documents/webdev/fullstack-open/part-5/notes/part2-notes-frontend/src/components/Note.jsx": {"path":"/Users/damiancoz/Documents/webdev/fullstack-open/part-5/notes/part2-notes-frontend/src/components/Note.jsx","statementMap":{"0":{"start":{"line":1,"column":13},"end":{"line":10,"column":null}},"1":{"start":{"line":2,"column":16},"end":{"line":2,"column":null}},"2":{"start":{"line":4,"column":2},"end":{"line":8,"column":null}}},"fnMap":{"0":{"name":"(anonymous_0)","decl":{"start":{"line":1,"column":13},"end":{"line":1,"column":14}},"loc":{"start":{"line":1,"column":45},"end":{"line":10,"column":null}},"line":1}},"branchMap":{"0":{"loc":{"start":{"line":2,"column":16},"end":{"line":2,"column":null}},"type":"cond-expr","locations":[{"start":{"line":2,"column":33},"end":{"line":2,"column":56}},{"start":{"line":2,"column":56},"end":{"line":2,"column":null}}],"line":2}},"s":{"0":1,"1":5,"2":5},"f":{"0":5},"b":{"0":[5,0]},"meta":{"lastBranch":1,"lastFunction":1,"lastStatement":3,"seen":{"s:1:13:10:Infinity":0,"f:1:13:1:14":0,"s:2:16:2:Infinity":1,"b:2:33:2:56:2:56:2:Infinity":0,"s:4:2:8:Infinity":2}}}
,"/Users/damiancoz/Documents/webdev/fullstack-open/part-5/notes/part2-notes-frontend/src/components/NoteForm.jsx": {"path":"/Users/damiancoz/Documents/webdev/fullstack-open/part-5/notes/part2-notes-frontend/src/components/NoteForm.jsx","statementMap":{"0":{"start":{"line":2,"column":17},"end":{"line":35,"column":null}},"1":{"start":{"line":3,"column":28},"end":{"line":3,"column":null}},"2":{"start":{"line":5,"column":18},"end":{"line":14,"column":null}},"3":{"start":{"line":6,"column":4},"end":{"line":6,"column":null}},"4":{"start":{"line":7,"column":4},"end":{"line":11,"column":null}},"5":{"start":{"line":13,"column":4},"end":{"line":13,"column":null}},"6":{"start":{"line":16,"column":2},"end":{"line":33,"column":null}},"7":{"start":{"line":23,"column":31},"end":{"line":23,"column":null}},"8":{"start":{"line":29,"column":31},"end":{"line":29,"column":null}}},"fnMap":{"0":{"name":"(anonymous_0)","decl":{"start":{"line":2,"column":17},"end":{"line":2,"column":18}},"loc":{"start":{"line":2,"column":37},"end":{"line":35,"column":null}},"line":2},"1":{"name":"(anonymous_1)","decl":{"start":{"line":5,"column":18},"end":{"line":5,"column":19}},"loc":{"start":{"line":5,"column":29},"end":{"line":14,"column":null}},"line":5},"2":{"name":"(anonymous_2)","decl":{"start":{"line":23,"column":20},"end":{"line":23,"column":21}},"loc":{"start":{"line":23,"column":31},"end":{"line":23,"column":null}},"line":23},"3":{"name":"(anonymous_3)","decl":{"start":{"line":29,"column":20},"end":{"line":29,"column":21}},"loc":{"start":{"line":29,"column":31},"end":{"line":29,"column":null}},"line":29}},"branchMap":{},"s":{"0":1,"1":19,"2":19,"3":1,"4":1,"5":1,"6":19,"7":17,"8":0},"f":{"0":19,"1":1,"2":17,"3":0},"b":{},"meta":{"lastBranch":0,"lastFunction":4,"lastStatement":9,"seen":{"s:2:17:35:Infinity":0,"f:2:17:2:18":0,"s:3:28:3:Infinity":1,"s:5:18:14:Infinity":2,"f:5:18:5:19":1,"s:6:4:6:Infinity":3,"s:7:4:11:Infinity":4,"s:13:4:13:Infinity":5,"s:16:2:33:Infinity":6,"f:23:20:23:21":2,"s:23:31:23:Infinity":7,"f:29:20:29:21":3,"s:29:31:29:Infinity":8}}}
,"/Users/damiancoz/Documents/webdev/fullstack-open/part-5/notes/part2-notes-frontend/src/components/Toggleable.jsx": {"path":"/Users/damiancoz/Documents/webdev/fullstack-open/part-5/notes/part2-notes-frontend/src/components/Toggleable.jsx","statementMap":{"0":{"start":{"line":3,"column":18},"end":{"line":29,"column":null}},"1":{"start":{"line":4,"column":28},"end":{"line":4,"column":null}},"2":{"start":{"line":6,"column":26},"end":{"line":6,"column":null}},"3":{"start":{"line":7,"column":26},"end":{"line":7,"column":null}},"4":{"start":{"line":9,"column":27},"end":{"line":12,"column":null}},"5":{"start":{"line":10,"column":4},"end":{"line":10,"column":null}},"6":{"start":{"line":11,"column":4},"end":{"line":11,"column":null}},"7":{"start":{"line":11,"column":25},"end":{"line":11,"column":30}},"8":{"start":{"line":14,"column":2},"end":{"line":16,"column":null}},"9":{"start":{"line":15,"column":4},"end":{"line":15,"column":null}},"10":{"start":{"line":18,"column":2},"end":{"line":27,"column":null}}},"fnMap":{"0":{"name":"(anonymous_0)","decl":{"start":{"line":3,"column":18},"end":{"line":3,"column":19}},"loc":{"start":{"line":3,"column":54},"end":{"line":29,"column":null}},"line":3},"1":{"name":"(anonymous_1)","decl":{"start":{"line":9,"column":27},"end":{"line":9,"column":28}},"loc":{"start":{"line":9,"column":34},"end":{"line":12,"column":null}},"line":9},"2":{"name":"(anonymous_2)","decl":{"start":{"line":11,"column":15},"end":{"line":11,"column":16}},"loc":{"start":{"line":11,"column":25},"end":{"line":11,"column":30}},"line":11},"3":{"name":"(anonymous_3)","decl":{"start":{"line":14,"column":27},"end":{"line":14,"column":33}},"loc":{"start":{"line":14,"column":33},"end":{"line":16,"column":3}},"line":14}},"branchMap":{"0":{"loc":{"start":{"line":6,"column":37},"end":{"line":6,"column":64}},"type":"cond-expr","locations":[{"start":{"line":6,"column":47},"end":{"line":6,"column":56}},{"start":{"line":6,"column":56},"end":{"line":6,"column":64}}],"line":6},"1":{"loc":{"start":{"line":7,"column":37},"end":{"line":7,"column":64}},"type":"cond-expr","locations":[{"start":{"line":7,"column":47},"end":{"line":7,"column":57}},{"start":{"line":7,"column":57},"end":{"line":7,"column":64}}],"line":7}},"s":{"0":1,"1":8,"2":8,"3":8,"4":8,"5":3,"6":3,"7":3,"8":8,"9":0,"10":8},"f":{"0":8,"1":3,"2":3,"3":0},"b":{"0":[2,6],"1":[2,6]},"meta":{"lastBranch":2,"lastFunction":4,"lastStatement":11,"seen":{"s:3:18:29:Infinity":0,"f:3:18:3:19":0,"s:4:28:4:Infinity":1,"s:6:26:6:Infinity":2,"b:6:47:6:56:6:56:6:64":0,"s:7:26:7:Infinity":3,"b:7:47:7:57:7:57:7:64":1,"s:9:27:12:Infinity":4,"f:9:27:9:28":1,"s:10:4:10:Infinity":5,"s:11:4:11:Infinity":6,"f:11:15:11:16":2,"s:11:25:11:30":7,"s:14:2:16:Infinity":8,"f:14:27:14:33":3,"s:15:4:15:Infinity":9,"s:18:2:27:Infinity":10}}}
}
